2012-11-14 13:55:58 Error: Fatal Error (1): Call to a member function allow() on a non-object in [D:\Project\webapps\tele-equity\app\Controller\UsersController.php, line 13]
2012-11-14 13:55:58 Error: [FatalErrorException] Call to a member function allow() on a non-object
#0 D:\Project\webapps\tele-equity\lib\Cake\Error\ErrorHandler.php(161): ErrorHandler::handleFatalError(1, 'Call to a membe...', 'D:\Project\weba...', 13)
#1 [internal function]: ErrorHandler::handleError(1, 'Call to a membe...', 'D:\Project\weba...', 13, Array)
#2 D:\Project\webapps\tele-equity\lib\Cake\Core\App.php(926): call_user_func('ErrorHandler::h...', 1, 'Call to a membe...', 'D:\Project\weba...', 13, Array)
#3 D:\Project\webapps\tele-equity\lib\Cake\Core\App.php(899): App::_checkFatalError()
#4 [internal function]: App::shutdown()
#5 {main}
2012-11-14 14:44:25 Error: [MissingControllerException] Controller class Index.phpController could not be found.
#0 /mnt/data/Project/webapps/tele-equity/app/webroot/index.php(92): Dispatcher->dispatch(Object(CakeRequest), Object(CakeResponse))
#1 {main}
2012-11-14 14:46:22 Error: [MissingConnectionException] Database connection "Mysql" is missing, or could not be created.
#0 /mnt/data/Project/webapps/tele-equity/lib/Cake/Model/Datasource/DboSource.php(261): Mysql->connect()
#1 /mnt/data/Project/webapps/tele-equity/lib/Cake/Model/ConnectionManager.php(101): DboSource->__construct(Array)
#2 /mnt/data/Project/webapps/tele-equity/lib/Cake/Model/Model.php(3157): ConnectionManager::getDataSource('default')
#3 /mnt/data/Project/webapps/tele-equity/lib/Cake/Model/Model.php(1092): Model->setDataSource('default')
#4 /mnt/data/Project/webapps/tele-equity/lib/Cake/Model/Model.php(3179): Model->setSource('users')
#5 /mnt/data/Project/webapps/tele-equity/lib/Cake/Model/Model.php(1301): Model->getDataSource()
#6 /mnt/data/Project/webapps/tele-equity/lib/Cake/View/Helper/FormHelper.php(197): Model->schema()
#7 /mnt/data/Project/webapps/tele-equity/lib/Cake/View/Helper/FormHelper.php(438): FormHelper->_introspectModel('User', 'fields')
#8 /mnt/data/Project/webapps/tele-equity/app/View/Users/login.ctp(7): FormHelper->create(Array)
#9 /mnt/data/Project/webapps/tele-equity/lib/Cake/View/View.php(921): include('/mnt/data/Proje...')
#10 /mnt/data/Project/webapps/tele-equity/lib/Cake/View/View.php(884): View->_evaluate('/mnt/data/Proje...', Array)
#11 /mnt/data/Project/webapps/tele-equity/lib/Cake/View/View.php(476): View->_render('/mnt/data/Proje...')
#12 /mnt/data/Project/webapps/tele-equity/lib/Cake/Controller/Controller.php(956): View->render(NULL, NULL)
#13 /mnt/data/Project/webapps/tele-equity/lib/Cake/Routing/Dispatcher.php(193): Controller->render()
#14 /mnt/data/Project/webapps/tele-equity/lib/Cake/Routing/Dispatcher.php(161): Dispatcher->_invoke(Object(UsersController), Object(CakeRequest), Object(CakeResponse))
#15 /mnt/data/Project/webapps/tele-equity/app/webroot/index.php(92): Dispatcher->dispatch(Object(CakeRequest), Object(CakeResponse))
#16 {main}
2012-11-14 14:46:29 Error: [MissingConnectionException] Database connection "Mysql" is missing, or could not be created.
#0 /mnt/data/Project/webapps/tele-equity/lib/Cake/Model/Datasource/DboSource.php(261): Mysql->connect()
#1 /mnt/data/Project/webapps/tele-equity/lib/Cake/Model/ConnectionManager.php(101): DboSource->__construct(Array)
#2 /mnt/data/Project/webapps/tele-equity/lib/Cake/Model/Model.php(3157): ConnectionManager::getDataSource('default')
#3 /mnt/data/Project/webapps/tele-equity/lib/Cake/Model/Model.php(1092): Model->setDataSource('default')
#4 /mnt/data/Project/webapps/tele-equity/lib/Cake/Model/Model.php(3179): Model->setSource('users')
#5 /mnt/data/Project/webapps/tele-equity/lib/Cake/Model/Model.php(1301): Model->getDataSource()
#6 /mnt/data/Project/webapps/tele-equity/lib/Cake/View/Helper/FormHelper.php(197): Model->schema()
#7 /mnt/data/Project/webapps/tele-equity/lib/Cake/View/Helper/FormHelper.php(438): FormHelper->_introspectModel('User', 'fields')
#8 /mnt/data/Project/webapps/tele-equity/app/View/Users/login.ctp(7): FormHelper->create(Array)
#9 /mnt/data/Project/webapps/tele-equity/lib/Cake/View/View.php(921): include('/mnt/data/Proje...')
#10 /mnt/data/Project/webapps/tele-equity/lib/Cake/View/View.php(884): View->_evaluate('/mnt/data/Proje...', Array)
#11 /mnt/data/Project/webapps/tele-equity/lib/Cake/View/View.php(476): View->_render('/mnt/data/Proje...')
#12 /mnt/data/Project/webapps/tele-equity/lib/Cake/Controller/Controller.php(956): View->render(NULL, NULL)
#13 /mnt/data/Project/webapps/tele-equity/lib/Cake/Routing/Dispatcher.php(193): Controller->render()
#14 /mnt/data/Project/webapps/tele-equity/lib/Cake/Routing/Dispatcher.php(161): Dispatcher->_invoke(Object(UsersController), Object(CakeRequest), Object(CakeResponse))
#15 /mnt/data/Project/webapps/tele-equity/app/webroot/index.php(92): Dispatcher->dispatch(Object(CakeRequest), Object(CakeResponse))
#16 {main}
2012-11-14 14:56:26 Error: [MissingTableException] Table users for model User was not found in datasource default.
#0 /mnt/data/Project/webapps/tele-equity/lib/Cake/Model/Model.php(3179): Model->setSource('users')
#1 /mnt/data/Project/webapps/tele-equity/lib/Cake/Model/Model.php(1301): Model->getDataSource()
#2 /mnt/data/Project/webapps/tele-equity/lib/Cake/View/Helper/FormHelper.php(197): Model->schema()
#3 /mnt/data/Project/webapps/tele-equity/lib/Cake/View/Helper/FormHelper.php(438): FormHelper->_introspectModel('User', 'fields')
#4 /mnt/data/Project/webapps/tele-equity/app/View/Users/login.ctp(7): FormHelper->create(Array)
#5 /mnt/data/Project/webapps/tele-equity/lib/Cake/View/View.php(921): include('/mnt/data/Proje...')
#6 /mnt/data/Project/webapps/tele-equity/lib/Cake/View/View.php(884): View->_evaluate('/mnt/data/Proje...', Array)
#7 /mnt/data/Project/webapps/tele-equity/lib/Cake/View/View.php(476): View->_render('/mnt/data/Proje...')
#8 /mnt/data/Project/webapps/tele-equity/lib/Cake/Controller/Controller.php(956): View->render(NULL, NULL)
#9 /mnt/data/Project/webapps/tele-equity/lib/Cake/Routing/Dispatcher.php(193): Controller->render()
#10 /mnt/data/Project/webapps/tele-equity/lib/Cake/Routing/Dispatcher.php(161): Dispatcher->_invoke(Object(UsersController), Object(CakeRequest), Object(CakeResponse))
#11 /mnt/data/Project/webapps/tele-equity/app/webroot/index.php(92): Dispatcher->dispatch(Object(CakeRequest), Object(CakeResponse))
#12 {main}
2012-11-14 14:56:36 Error: [MissingTableException] Table users for model User was not found in datasource default.
#0 /mnt/data/Project/webapps/tele-equity/lib/Cake/Model/Model.php(3179): Model->setSource('users')
#1 /mnt/data/Project/webapps/tele-equity/lib/Cake/Model/Model.php(1301): Model->getDataSource()
#2 /mnt/data/Project/webapps/tele-equity/lib/Cake/View/Helper/FormHelper.php(197): Model->schema()
#3 /mnt/data/Project/webapps/tele-equity/lib/Cake/View/Helper/FormHelper.php(438): FormHelper->_introspectModel('User', 'fields')
#4 /mnt/data/Project/webapps/tele-equity/app/View/Users/login.ctp(7): FormHelper->create(Array)
#5 /mnt/data/Project/webapps/tele-equity/lib/Cake/View/View.php(921): include('/mnt/data/Proje...')
#6 /mnt/data/Project/webapps/tele-equity/lib/Cake/View/View.php(884): View->_evaluate('/mnt/data/Proje...', Array)
#7 /mnt/data/Project/webapps/tele-equity/lib/Cake/View/View.php(476): View->_render('/mnt/data/Proje...')
#8 /mnt/data/Project/webapps/tele-equity/lib/Cake/Controller/Controller.php(956): View->render(NULL, NULL)
#9 /mnt/data/Project/webapps/tele-equity/lib/Cake/Routing/Dispatcher.php(193): Controller->render()
#10 /mnt/data/Project/webapps/tele-equity/lib/Cake/Routing/Dispatcher.php(161): Dispatcher->_invoke(Object(UsersController), Object(CakeRequest), Object(CakeResponse))
#11 /mnt/data/Project/webapps/tele-equity/app/webroot/index.php(92): Dispatcher->dispatch(Object(CakeRequest), Object(CakeResponse))
#12 {main}
2012-11-14 14:56:56 Error: [MissingTableException] Table users for model User was not found in datasource default.
#0 /mnt/data/Project/webapps/tele-equity/lib/Cake/Model/Model.php(3179): Model->setSource('users')
#1 /mnt/data/Project/webapps/tele-equity/lib/Cake/Model/Model.php(1301): Model->getDataSource()
#2 /mnt/data/Project/webapps/tele-equity/lib/Cake/View/Helper/FormHelper.php(197): Model->schema()
#3 /mnt/data/Project/webapps/tele-equity/lib/Cake/View/Helper/FormHelper.php(438): FormHelper->_introspectModel('User', 'fields')
#4 /mnt/data/Project/webapps/tele-equity/app/View/Users/login.ctp(7): FormHelper->create(Array)
#5 /mnt/data/Project/webapps/tele-equity/lib/Cake/View/View.php(921): include('/mnt/data/Proje...')
#6 /mnt/data/Project/webapps/tele-equity/lib/Cake/View/View.php(884): View->_evaluate('/mnt/data/Proje...', Array)
#7 /mnt/data/Project/webapps/tele-equity/lib/Cake/View/View.php(476): View->_render('/mnt/data/Proje...')
#8 /mnt/data/Project/webapps/tele-equity/lib/Cake/Controller/Controller.php(956): View->render(NULL, NULL)
#9 /mnt/data/Project/webapps/tele-equity/lib/Cake/Routing/Dispatcher.php(193): Controller->render()
#10 /mnt/data/Project/webapps/tele-equity/lib/Cake/Routing/Dispatcher.php(161): Dispatcher->_invoke(Object(UsersController), Object(CakeRequest), Object(CakeResponse))
#11 /mnt/data/Project/webapps/tele-equity/app/webroot/index.php(92): Dispatcher->dispatch(Object(CakeRequest), Object(CakeResponse))
#12 {main}
2012-11-14 14:56:58 Error: [MissingTableException] Table users for model User was not found in datasource default.
#0 /mnt/data/Project/webapps/tele-equity/lib/Cake/Model/Model.php(3179): Model->setSource('users')
#1 /mnt/data/Project/webapps/tele-equity/lib/Cake/Model/Model.php(1301): Model->getDataSource()
#2 /mnt/data/Project/webapps/tele-equity/lib/Cake/View/Helper/FormHelper.php(197): Model->schema()
#3 /mnt/data/Project/webapps/tele-equity/lib/Cake/View/Helper/FormHelper.php(438): FormHelper->_introspectModel('User', 'fields')
#4 /mnt/data/Project/webapps/tele-equity/app/View/Users/login.ctp(7): FormHelper->create(Array)
#5 /mnt/data/Project/webapps/tele-equity/lib/Cake/View/View.php(921): include('/mnt/data/Proje...')
#6 /mnt/data/Project/webapps/tele-equity/lib/Cake/View/View.php(884): View->_evaluate('/mnt/data/Proje...', Array)
#7 /mnt/data/Project/webapps/tele-equity/lib/Cake/View/View.php(476): View->_render('/mnt/data/Proje...')
#8 /mnt/data/Project/webapps/tele-equity/lib/Cake/Controller/Controller.php(956): View->render(NULL, NULL)
#9 /mnt/data/Project/webapps/tele-equity/lib/Cake/Routing/Dispatcher.php(193): Controller->render()
#10 /mnt/data/Project/webapps/tele-equity/lib/Cake/Routing/Dispatcher.php(161): Dispatcher->_invoke(Object(UsersController), Object(CakeRequest), Object(CakeResponse))
#11 /mnt/data/Project/webapps/tele-equity/app/webroot/index.php(92): Dispatcher->dispatch(Object(CakeRequest), Object(CakeResponse))
#12 {main}
2012-11-14 14:56:59 Error: [MissingTableException] Table users for model User was not found in datasource default.
#0 /mnt/data/Project/webapps/tele-equity/lib/Cake/Model/Model.php(3179): Model->setSource('users')
#1 /mnt/data/Project/webapps/tele-equity/lib/Cake/Model/Model.php(1301): Model->getDataSource()
#2 /mnt/data/Project/webapps/tele-equity/lib/Cake/View/Helper/FormHelper.php(197): Model->schema()
#3 /mnt/data/Project/webapps/tele-equity/lib/Cake/View/Helper/FormHelper.php(438): FormHelper->_introspectModel('User', 'fields')
#4 /mnt/data/Project/webapps/tele-equity/app/View/Users/login.ctp(7): FormHelper->create(Array)
#5 /mnt/data/Project/webapps/tele-equity/lib/Cake/View/View.php(921): include('/mnt/data/Proje...')
#6 /mnt/data/Project/webapps/tele-equity/lib/Cake/View/View.php(884): View->_evaluate('/mnt/data/Proje...', Array)
#7 /mnt/data/Project/webapps/tele-equity/lib/Cake/View/View.php(476): View->_render('/mnt/data/Proje...')
#8 /mnt/data/Project/webapps/tele-equity/lib/Cake/Controller/Controller.php(956): View->render(NULL, NULL)
#9 /mnt/data/Project/webapps/tele-equity/lib/Cake/Routing/Dispatcher.php(193): Controller->render()
#10 /mnt/data/Project/webapps/tele-equity/lib/Cake/Routing/Dispatcher.php(161): Dispatcher->_invoke(Object(UsersController), Object(CakeRequest), Object(CakeResponse))
#11 /mnt/data/Project/webapps/tele-equity/app/webroot/index.php(92): Dispatcher->dispatch(Object(CakeRequest), Object(CakeResponse))
#12 {main}
2012-11-14 14:57:00 Error: [MissingTableException] Table users for model User was not found in datasource default.
#0 /mnt/data/Project/webapps/tele-equity/lib/Cake/Model/Model.php(3179): Model->setSource('users')
#1 /mnt/data/Project/webapps/tele-equity/lib/Cake/Model/Model.php(1301): Model->getDataSource()
#2 /mnt/data/Project/webapps/tele-equity/lib/Cake/View/Helper/FormHelper.php(197): Model->schema()
#3 /mnt/data/Project/webapps/tele-equity/lib/Cake/View/Helper/FormHelper.php(438): FormHelper->_introspectModel('User', 'fields')
#4 /mnt/data/Project/webapps/tele-equity/app/View/Users/login.ctp(7): FormHelper->create(Array)
#5 /mnt/data/Project/webapps/tele-equity/lib/Cake/View/View.php(921): include('/mnt/data/Proje...')
#6 /mnt/data/Project/webapps/tele-equity/lib/Cake/View/View.php(884): View->_evaluate('/mnt/data/Proje...', Array)
#7 /mnt/data/Project/webapps/tele-equity/lib/Cake/View/View.php(476): View->_render('/mnt/data/Proje...')
#8 /mnt/data/Project/webapps/tele-equity/lib/Cake/Controller/Controller.php(956): View->render(NULL, NULL)
#9 /mnt/data/Project/webapps/tele-equity/lib/Cake/Routing/Dispatcher.php(193): Controller->render()
#10 /mnt/data/Project/webapps/tele-equity/lib/Cake/Routing/Dispatcher.php(161): Dispatcher->_invoke(Object(UsersController), Object(CakeRequest), Object(CakeResponse))
#11 /mnt/data/Project/webapps/tele-equity/app/webroot/index.php(92): Dispatcher->dispatch(Object(CakeRequest), Object(CakeResponse))
#12 {main}
2012-11-14 14:57:01 Error: [MissingTableException] Table users for model User was not found in datasource default.
#0 /mnt/data/Project/webapps/tele-equity/lib/Cake/Model/Model.php(3179): Model->setSource('users')
#1 /mnt/data/Project/webapps/tele-equity/lib/Cake/Model/Model.php(1301): Model->getDataSource()
#2 /mnt/data/Project/webapps/tele-equity/lib/Cake/View/Helper/FormHelper.php(197): Model->schema()
#3 /mnt/data/Project/webapps/tele-equity/lib/Cake/View/Helper/FormHelper.php(438): FormHelper->_introspectModel('User', 'fields')
#4 /mnt/data/Project/webapps/tele-equity/app/View/Users/login.ctp(7): FormHelper->create(Array)
#5 /mnt/data/Project/webapps/tele-equity/lib/Cake/View/View.php(921): include('/mnt/data/Proje...')
#6 /mnt/data/Project/webapps/tele-equity/lib/Cake/View/View.php(884): View->_evaluate('/mnt/data/Proje...', Array)
#7 /mnt/data/Project/webapps/tele-equity/lib/Cake/View/View.php(476): View->_render('/mnt/data/Proje...')
#8 /mnt/data/Project/webapps/tele-equity/lib/Cake/Controller/Controller.php(956): View->render(NULL, NULL)
#9 /mnt/data/Project/webapps/tele-equity/lib/Cake/Routing/Dispatcher.php(193): Controller->render()
#10 /mnt/data/Project/webapps/tele-equity/lib/Cake/Routing/Dispatcher.php(161): Dispatcher->_invoke(Object(UsersController), Object(CakeRequest), Object(CakeResponse))
#11 /mnt/data/Project/webapps/tele-equity/app/webroot/index.php(92): Dispatcher->dispatch(Object(CakeRequest), Object(CakeResponse))
#12 {main}
2012-11-14 15:08:05 Error: [MissingControllerException] Controller class JsController could not be found.
#0 /mnt/data/Project/webapps/tele-equity/app/webroot/index.php(92): Dispatcher->dispatch(Object(CakeRequest), Object(CakeResponse))
#1 {main}
2012-11-14 15:15:33 Error: Fatal Error (1): Unsupported operand types in [/mnt/data/Project/webapps/tele-equity/lib/Cake/View/Helper/HtmlHelper.php, line 558]
2012-11-14 15:15:33 Error: [FatalErrorException] Unsupported operand types
#0 /mnt/data/Project/webapps/tele-equity/lib/Cake/Error/ErrorHandler.php(161): ErrorHandler::handleFatalError(1, 'Unsupported ope...', '/mnt/data/Proje...', 558)
#1 [internal function]: ErrorHandler::handleError(1, 'Unsupported ope...', '/mnt/data/Proje...', 558, Array)
#2 /mnt/data/Project/webapps/tele-equity/lib/Cake/Core/App.php(926): call_user_func('ErrorHandler::h...', 1, 'Unsupported ope...', '/mnt/data/Proje...', 558, Array)
#3 /mnt/data/Project/webapps/tele-equity/lib/Cake/Core/App.php(899): App::_checkFatalError()
#4 [internal function]: App::shutdown()
#5 {main}
2012-11-14 15:15:38 Error: Fatal Error (1): Unsupported operand types in [/mnt/data/Project/webapps/tele-equity/lib/Cake/View/Helper/HtmlHelper.php, line 558]
2012-11-14 15:15:38 Error: [FatalErrorException] Unsupported operand types
#0 /mnt/data/Project/webapps/tele-equity/lib/Cake/Error/ErrorHandler.php(161): ErrorHandler::handleFatalError(1, 'Unsupported ope...', '/mnt/data/Proje...', 558)
#1 [internal function]: ErrorHandler::handleError(1, 'Unsupported ope...', '/mnt/data/Proje...', 558, Array)
#2 /mnt/data/Project/webapps/tele-equity/lib/Cake/Core/App.php(926): call_user_func('ErrorHandler::h...', 1, 'Unsupported ope...', '/mnt/data/Proje...', 558, Array)
#3 /mnt/data/Project/webapps/tele-equity/lib/Cake/Core/App.php(899): App::_checkFatalError()
#4 [internal function]: App::shutdown()
#5 {main}
2012-11-14 15:37:13 Error: [MissingHelperException] Helper class controllerHelper could not be found.
#0 /mnt/data/Project/webapps/tele-equity/lib/Cake/View/HelperCollection.php(62): HelperCollection->load('controller')
#1 /mnt/data/Project/webapps/tele-equity/lib/Cake/View/View.php(813): HelperCollection->__isset('controller')
#2 /mnt/data/Project/webapps/tele-equity/app/View/Users/login.ctp(10): View->__get('controller')
#3 /mnt/data/Project/webapps/tele-equity/lib/Cake/View/View.php(921): include('/mnt/data/Proje...')
#4 /mnt/data/Project/webapps/tele-equity/lib/Cake/View/View.php(884): View->_evaluate('/mnt/data/Proje...', Array)
#5 /mnt/data/Project/webapps/tele-equity/lib/Cake/View/View.php(476): View->_render('/mnt/data/Proje...')
#6 /mnt/data/Project/webapps/tele-equity/lib/Cake/Controller/Controller.php(956): View->render(NULL, NULL)
#7 /mnt/data/Project/webapps/tele-equity/lib/Cake/Routing/Dispatcher.php(193): Controller->render()
#8 /mnt/data/Project/webapps/tele-equity/lib/Cake/Routing/Dispatcher.php(161): Dispatcher->_invoke(Object(UsersController), Object(CakeRequest), Object(CakeResponse))
#9 /mnt/data/Project/webapps/tele-equity/app/webroot/index.php(92): Dispatcher->dispatch(Object(CakeRequest), Object(CakeResponse))
#10 {main}
2012-11-14 15:43:27 Error: [MissingHelperException] Helper class modelHelper could not be found.
#0 /mnt/data/Project/webapps/tele-equity/lib/Cake/View/HelperCollection.php(62): HelperCollection->load('model')
#1 /mnt/data/Project/webapps/tele-equity/lib/Cake/View/View.php(813): HelperCollection->__isset('model')
#2 /mnt/data/Project/webapps/tele-equity/app/View/Users/login.ctp(10): View->__get('model')
#3 /mnt/data/Project/webapps/tele-equity/lib/Cake/View/View.php(921): include('/mnt/data/Proje...')
#4 /mnt/data/Project/webapps/tele-equity/lib/Cake/View/View.php(884): View->_evaluate('/mnt/data/Proje...', Array)
#5 /mnt/data/Project/webapps/tele-equity/lib/Cake/View/View.php(476): View->_render('/mnt/data/Proje...')
#6 /mnt/data/Project/webapps/tele-equity/lib/Cake/Controller/Controller.php(956): View->render(NULL, NULL)
#7 /mnt/data/Project/webapps/tele-equity/lib/Cake/Routing/Dispatcher.php(193): Controller->render()
#8 /mnt/data/Project/webapps/tele-equity/lib/Cake/Routing/Dispatcher.php(161): Dispatcher->_invoke(Object(UsersController), Object(CakeRequest), Object(CakeResponse))
#9 /mnt/data/Project/webapps/tele-equity/app/webroot/index.php(92): Dispatcher->dispatch(Object(CakeRequest), Object(CakeResponse))
#10 {main}
2012-11-14 16:06:04 Error: [MissingHelperException] Helper class modelHelper could not be found.
#0 /mnt/data/Project/webapps/tele-equity/lib/Cake/View/HelperCollection.php(62): HelperCollection->load('model')
#1 /mnt/data/Project/webapps/tele-equity/lib/Cake/View/View.php(813): HelperCollection->__isset('model')
#2 /mnt/data/Project/webapps/tele-equity/app/View/Users/login.ctp(11): View->__get('model')
#3 /mnt/data/Project/webapps/tele-equity/lib/Cake/View/View.php(921): include('/mnt/data/Proje...')
#4 /mnt/data/Project/webapps/tele-equity/lib/Cake/View/View.php(884): View->_evaluate('/mnt/data/Proje...', Array)
#5 /mnt/data/Project/webapps/tele-equity/lib/Cake/View/View.php(476): View->_render('/mnt/data/Proje...')
#6 /mnt/data/Project/webapps/tele-equity/lib/Cake/Controller/Controller.php(956): View->render(NULL, NULL)
#7 /mnt/data/Project/webapps/tele-equity/lib/Cake/Routing/Dispatcher.php(193): Controller->render()
#8 /mnt/data/Project/webapps/tele-equity/lib/Cake/Routing/Dispatcher.php(161): Dispatcher->_invoke(Object(UsersController), Object(CakeRequest), Object(CakeResponse))
#9 /mnt/data/Project/webapps/tele-equity/app/webroot/index.php(92): Dispatcher->dispatch(Object(CakeRequest), Object(CakeResponse))
#10 {main}
2012-11-14 16:07:48 Error: Fatal Error (1): Call to undefined function getTarget() in [/mnt/data/Project/webapps/tele-equity/app/View/Users/login.ctp, line 11]
2012-11-14 16:07:48 Error: [FatalErrorException] Call to undefined function getTarget()
#0 /mnt/data/Project/webapps/tele-equity/lib/Cake/Error/ErrorHandler.php(161): ErrorHandler::handleFatalError(1, 'Call to undefin...', '/mnt/data/Proje...', 11)
#1 [internal function]: ErrorHandler::handleError(1, 'Call to undefin...', '/mnt/data/Proje...', 11, Array)
#2 /mnt/data/Project/webapps/tele-equity/lib/Cake/Core/App.php(926): call_user_func('ErrorHandler::h...', 1, 'Call to undefin...', '/mnt/data/Proje...', 11, Array)
#3 /mnt/data/Project/webapps/tele-equity/lib/Cake/Core/App.php(899): App::_checkFatalError()
#4 [internal function]: App::shutdown()
#5 {main}
2012-11-14 16:08:07 Error: Fatal Error (1): Call to undefined function getTarget() in [/mnt/data/Project/webapps/tele-equity/app/View/Users/login.ctp, line 11]
2012-11-14 16:08:07 Error: [FatalErrorException] Call to undefined function getTarget()
#0 /mnt/data/Project/webapps/tele-equity/lib/Cake/Error/ErrorHandler.php(161): ErrorHandler::handleFatalError(1, 'Call to undefin...', '/mnt/data/Proje...', 11)
#1 [internal function]: ErrorHandler::handleError(1, 'Call to undefin...', '/mnt/data/Proje...', 11, Array)
#2 /mnt/data/Project/webapps/tele-equity/lib/Cake/Core/App.php(926): call_user_func('ErrorHandler::h...', 1, 'Call to undefin...', '/mnt/data/Proje...', 11, Array)
#3 /mnt/data/Project/webapps/tele-equity/lib/Cake/Core/App.php(899): App::_checkFatalError()
#4 [internal function]: App::shutdown()
#5 {main}
2012-11-14 16:11:43 Error: [MissingActionException] Action UsersController::users() could not be found.
#0 /mnt/data/Project/webapps/tele-equity/lib/Cake/Routing/Dispatcher.php(186): Controller->invokeAction(Object(CakeRequest))
#1 /mnt/data/Project/webapps/tele-equity/lib/Cake/Routing/Dispatcher.php(161): Dispatcher->_invoke(Object(UsersController), Object(CakeRequest), Object(CakeResponse))
#2 /mnt/data/Project/webapps/tele-equity/app/webroot/index.php(92): Dispatcher->dispatch(Object(CakeRequest), Object(CakeResponse))
#3 {main}
2012-11-14 16:16:40 Error: [MethodNotAllowedException] Method Not Allowed
#0 [internal function]: UsersController->doLogin()
#1 /mnt/data/Project/webapps/tele-equity/lib/Cake/Controller/Controller.php(485): ReflectionMethod->invokeArgs(Object(UsersController), Array)
#2 /mnt/data/Project/webapps/tele-equity/lib/Cake/Routing/Dispatcher.php(186): Controller->invokeAction(Object(CakeRequest))
#3 /mnt/data/Project/webapps/tele-equity/lib/Cake/Routing/Dispatcher.php(161): Dispatcher->_invoke(Object(UsersController), Object(CakeRequest), Object(CakeResponse))
#4 /mnt/data/Project/webapps/tele-equity/app/webroot/index.php(92): Dispatcher->dispatch(Object(CakeRequest), Object(CakeResponse))
#5 {main}
2012-11-14 16:20:10 Error: [MethodNotAllowedException] Method Not Allowed
#0 [internal function]: UsersController->doLogin()
#1 /mnt/data/Project/webapps/tele-equity/lib/Cake/Controller/Controller.php(485): ReflectionMethod->invokeArgs(Object(UsersController), Array)
#2 /mnt/data/Project/webapps/tele-equity/lib/Cake/Routing/Dispatcher.php(186): Controller->invokeAction(Object(CakeRequest))
#3 /mnt/data/Project/webapps/tele-equity/lib/Cake/Routing/Dispatcher.php(161): Dispatcher->_invoke(Object(UsersController), Object(CakeRequest), Object(CakeResponse))
#4 /mnt/data/Project/webapps/tele-equity/app/webroot/index.php(92): Dispatcher->dispatch(Object(CakeRequest), Object(CakeResponse))
#5 {main}
2012-11-14 17:13:38 Error: [MissingControllerException] Controller class CustomersController could not be found.
#0 /mnt/data/Project/webapps/tele-equity/lib/Cake/Core/Object.php(97): Dispatcher->dispatch(Object(CakeRequest), Object(CakeResponse), Array)
#1 /mnt/data/Project/webapps/tele-equity/lib/Cake/Controller/Component/RequestHandlerComponent.php(244): Object->requestAction('/customers/view', Array)
#2 [internal function]: RequestHandlerComponent->beforeRedirect(Object(UsersController), Array, NULL, true)
#3 /mnt/data/Project/webapps/tele-equity/lib/Cake/Utility/ObjectCollection.php(130): call_user_func_array(Array, Array)
#4 [internal function]: ObjectCollection->trigger(Object(CakeEvent))
#5 /mnt/data/Project/webapps/tele-equity/lib/Cake/Event/CakeEventManager.php(246): call_user_func(Array, Object(CakeEvent))
#6 /mnt/data/Project/webapps/tele-equity/lib/Cake/Controller/Controller.php(760): CakeEventManager->dispatch(Object(CakeEvent))
#7 /mnt/data/Project/webapps/tele-equity/app/Controller/UsersController.php(51): Controller->redirect(Array)
#8 [internal function]: UsersController->doLogin()
#9 /mnt/data/Project/webapps/tele-equity/lib/Cake/Controller/Controller.php(485): ReflectionMethod->invokeArgs(Object(UsersController), Array)
#10 /mnt/data/Project/webapps/tele-equity/lib/Cake/Routing/Dispatcher.php(186): Controller->invokeAction(Object(CakeRequest))
#11 /mnt/data/Project/webapps/tele-equity/lib/Cake/Routing/Dispatcher.php(161): Dispatcher->_invoke(Object(UsersController), Object(CakeRequest), Object(CakeResponse))
#12 /mnt/data/Project/webapps/tele-equity/app/webroot/index.php(92): Dispatcher->dispatch(Object(CakeRequest), Object(CakeResponse))
#13 {main}
2012-11-14 17:14:11 Error: [MissingControllerException] Controller class CustomersController could not be found.
#0 /mnt/data/Project/webapps/tele-equity/lib/Cake/Core/Object.php(97): Dispatcher->dispatch(Object(CakeRequest), Object(CakeResponse), Array)
#1 /mnt/data/Project/webapps/tele-equity/lib/Cake/Controller/Component/RequestHandlerComponent.php(244): Object->requestAction('/customers/view', Array)
#2 [internal function]: RequestHandlerComponent->beforeRedirect(Object(UsersController), Array, NULL, true)
#3 /mnt/data/Project/webapps/tele-equity/lib/Cake/Utility/ObjectCollection.php(130): call_user_func_array(Array, Array)
#4 [internal function]: ObjectCollection->trigger(Object(CakeEvent))
#5 /mnt/data/Project/webapps/tele-equity/lib/Cake/Event/CakeEventManager.php(246): call_user_func(Array, Object(CakeEvent))
#6 /mnt/data/Project/webapps/tele-equity/lib/Cake/Controller/Controller.php(760): CakeEventManager->dispatch(Object(CakeEvent))
#7 /mnt/data/Project/webapps/tele-equity/app/Controller/UsersController.php(51): Controller->redirect(Array)
#8 [internal function]: UsersController->doLogin()
#9 /mnt/data/Project/webapps/tele-equity/lib/Cake/Controller/Controller.php(485): ReflectionMethod->invokeArgs(Object(UsersController), Array)
#10 /mnt/data/Project/webapps/tele-equity/lib/Cake/Routing/Dispatcher.php(186): Controller->invokeAction(Object(CakeRequest))
#11 /mnt/data/Project/webapps/tele-equity/lib/Cake/Routing/Dispatcher.php(161): Dispatcher->_invoke(Object(UsersController), Object(CakeRequest), Object(CakeResponse))
#12 /mnt/data/Project/webapps/tele-equity/app/webroot/index.php(92): Dispatcher->dispatch(Object(CakeRequest), Object(CakeResponse))
#13 {main}
2012-11-14 17:14:25 Error: [MissingControllerException] Controller class CustomersController could not be found.
#0 /mnt/data/Project/webapps/tele-equity/lib/Cake/Core/Object.php(97): Dispatcher->dispatch(Object(CakeRequest), Object(CakeResponse), Array)
#1 /mnt/data/Project/webapps/tele-equity/lib/Cake/Controller/Component/RequestHandlerComponent.php(244): Object->requestAction('/customers/view', Array)
#2 [internal function]: RequestHandlerComponent->beforeRedirect(Object(UsersController), Array, NULL, true)
#3 /mnt/data/Project/webapps/tele-equity/lib/Cake/Utility/ObjectCollection.php(130): call_user_func_array(Array, Array)
#4 [internal function]: ObjectCollection->trigger(Object(CakeEvent))
#5 /mnt/data/Project/webapps/tele-equity/lib/Cake/Event/CakeEventManager.php(246): call_user_func(Array, Object(CakeEvent))
#6 /mnt/data/Project/webapps/tele-equity/lib/Cake/Controller/Controller.php(760): CakeEventManager->dispatch(Object(CakeEvent))
#7 /mnt/data/Project/webapps/tele-equity/app/Controller/UsersController.php(51): Controller->redirect(Array)
#8 [internal function]: UsersController->doLogin()
#9 /mnt/data/Project/webapps/tele-equity/lib/Cake/Controller/Controller.php(485): ReflectionMethod->invokeArgs(Object(UsersController), Array)
#10 /mnt/data/Project/webapps/tele-equity/lib/Cake/Routing/Dispatcher.php(186): Controller->invokeAction(Object(CakeRequest))
#11 /mnt/data/Project/webapps/tele-equity/lib/Cake/Routing/Dispatcher.php(161): Dispatcher->_invoke(Object(UsersController), Object(CakeRequest), Object(CakeResponse))
#12 /mnt/data/Project/webapps/tele-equity/app/webroot/index.php(92): Dispatcher->dispatch(Object(CakeRequest), Object(CakeResponse))
#13 {main}
2012-11-14 17:14:30 Error: [MissingControllerException] Controller class CustomersController could not be found.
#0 /mnt/data/Project/webapps/tele-equity/lib/Cake/Core/Object.php(97): Dispatcher->dispatch(Object(CakeRequest), Object(CakeResponse), Array)
#1 /mnt/data/Project/webapps/tele-equity/lib/Cake/Controller/Component/RequestHandlerComponent.php(244): Object->requestAction('/customers/view', Array)
#2 [internal function]: RequestHandlerComponent->beforeRedirect(Object(UsersController), Array, NULL, true)
#3 /mnt/data/Project/webapps/tele-equity/lib/Cake/Utility/ObjectCollection.php(130): call_user_func_array(Array, Array)
#4 [internal function]: ObjectCollection->trigger(Object(CakeEvent))
#5 /mnt/data/Project/webapps/tele-equity/lib/Cake/Event/CakeEventManager.php(246): call_user_func(Array, Object(CakeEvent))
#6 /mnt/data/Project/webapps/tele-equity/lib/Cake/Controller/Controller.php(760): CakeEventManager->dispatch(Object(CakeEvent))
#7 /mnt/data/Project/webapps/tele-equity/app/Controller/UsersController.php(51): Controller->redirect(Array)
#8 [internal function]: UsersController->doLogin()
#9 /mnt/data/Project/webapps/tele-equity/lib/Cake/Controller/Controller.php(485): ReflectionMethod->invokeArgs(Object(UsersController), Array)
#10 /mnt/data/Project/webapps/tele-equity/lib/Cake/Routing/Dispatcher.php(186): Controller->invokeAction(Object(CakeRequest))
#11 /mnt/data/Project/webapps/tele-equity/lib/Cake/Routing/Dispatcher.php(161): Dispatcher->_invoke(Object(UsersController), Object(CakeRequest), Object(CakeResponse))
#12 /mnt/data/Project/webapps/tele-equity/app/webroot/index.php(92): Dispatcher->dispatch(Object(CakeRequest), Object(CakeResponse))
#13 {main}
2012-11-14 17:14:39 Error: [MissingControllerException] Controller class CustomersController could not be found.
#0 /mnt/data/Project/webapps/tele-equity/lib/Cake/Core/Object.php(97): Dispatcher->dispatch(Object(CakeRequest), Object(CakeResponse), Array)
#1 /mnt/data/Project/webapps/tele-equity/lib/Cake/Controller/Component/RequestHandlerComponent.php(244): Object->requestAction('/customers/view', Array)
#2 [internal function]: RequestHandlerComponent->beforeRedirect(Object(UsersController), Array, NULL, true)
#3 /mnt/data/Project/webapps/tele-equity/lib/Cake/Utility/ObjectCollection.php(130): call_user_func_array(Array, Array)
#4 [internal function]: ObjectCollection->trigger(Object(CakeEvent))
#5 /mnt/data/Project/webapps/tele-equity/lib/Cake/Event/CakeEventManager.php(246): call_user_func(Array, Object(CakeEvent))
#6 /mnt/data/Project/webapps/tele-equity/lib/Cake/Controller/Controller.php(760): CakeEventManager->dispatch(Object(CakeEvent))
#7 /mnt/data/Project/webapps/tele-equity/app/Controller/UsersController.php(51): Controller->redirect(Array)
#8 [internal function]: UsersController->doLogin()
#9 /mnt/data/Project/webapps/tele-equity/lib/Cake/Controller/Controller.php(485): ReflectionMethod->invokeArgs(Object(UsersController), Array)
#10 /mnt/data/Project/webapps/tele-equity/lib/Cake/Routing/Dispatcher.php(186): Controller->invokeAction(Object(CakeRequest))
#11 /mnt/data/Project/webapps/tele-equity/lib/Cake/Routing/Dispatcher.php(161): Dispatcher->_invoke(Object(UsersController), Object(CakeRequest), Object(CakeResponse))
#12 /mnt/data/Project/webapps/tele-equity/app/webroot/index.php(92): Dispatcher->dispatch(Object(CakeRequest), Object(CakeResponse))
#13 {main}
2012-11-14 17:25:05 Error: [MissingControllerException] Controller class CustomersController could not be found.
#0 /mnt/data/Project/webapps/tele-equity/lib/Cake/Core/Object.php(97): Dispatcher->dispatch(Object(CakeRequest), Object(CakeResponse), Array)
#1 /mnt/data/Project/webapps/tele-equity/lib/Cake/Controller/Component/RequestHandlerComponent.php(244): Object->requestAction('/customers/view', Array)
#2 [internal function]: RequestHandlerComponent->beforeRedirect(Object(UsersController), Array, NULL, true)
#3 /mnt/data/Project/webapps/tele-equity/lib/Cake/Utility/ObjectCollection.php(130): call_user_func_array(Array, Array)
#4 [internal function]: ObjectCollection->trigger(Object(CakeEvent))
#5 /mnt/data/Project/webapps/tele-equity/lib/Cake/Event/CakeEventManager.php(246): call_user_func(Array, Object(CakeEvent))
#6 /mnt/data/Project/webapps/tele-equity/lib/Cake/Controller/Controller.php(760): CakeEventManager->dispatch(Object(CakeEvent))
#7 /mnt/data/Project/webapps/tele-equity/app/Controller/UsersController.php(51): Controller->redirect(Array)
#8 [internal function]: UsersController->doLogin()
#9 /mnt/data/Project/webapps/tele-equity/lib/Cake/Controller/Controller.php(485): ReflectionMethod->invokeArgs(Object(UsersController), Array)
#10 /mnt/data/Project/webapps/tele-equity/lib/Cake/Routing/Dispatcher.php(186): Controller->invokeAction(Object(CakeRequest))
#11 /mnt/data/Project/webapps/tele-equity/lib/Cake/Routing/Dispatcher.php(161): Dispatcher->_invoke(Object(UsersController), Object(CakeRequest), Object(CakeResponse))
#12 /mnt/data/Project/webapps/tele-equity/app/webroot/index.php(92): Dispatcher->dispatch(Object(CakeRequest), Object(CakeResponse))
#13 {main}
2012-11-14 17:35:46 Error: [PDOException] SQLSTATE[42S22]: Column not found: 1054 Unknown column 'User.is_active' in 'where clause'
#0 /mnt/data/Project/webapps/tele-equity/lib/Cake/Model/Datasource/DboSource.php(459): PDOStatement->execute(Array)
#1 /mnt/data/Project/webapps/tele-equity/lib/Cake/Model/Datasource/DboSource.php(425): DboSource->_execute('SELECT `User`.`...', Array)
#2 /mnt/data/Project/webapps/tele-equity/lib/Cake/Model/Datasource/DboSource.php(669): DboSource->execute('SELECT `User`.`...', Array, Array)
#3 /mnt/data/Project/webapps/tele-equity/lib/Cake/Model/Datasource/DboSource.php(1080): DboSource->fetchAll('SELECT `User`.`...', false)
#4 /mnt/data/Project/webapps/tele-equity/lib/Cake/Model/Model.php(2630): DboSource->read(Object(User), Array)
#5 /mnt/data/Project/webapps/tele-equity/app/Controller/UsersController.php(43): Model->find('first', Array)
#6 [internal function]: UsersController->doLogin()
#7 /mnt/data/Project/webapps/tele-equity/lib/Cake/Controller/Controller.php(485): ReflectionMethod->invokeArgs(Object(UsersController), Array)
#8 /mnt/data/Project/webapps/tele-equity/lib/Cake/Routing/Dispatcher.php(186): Controller->invokeAction(Object(CakeRequest))
#9 /mnt/data/Project/webapps/tele-equity/lib/Cake/Routing/Dispatcher.php(161): Dispatcher->_invoke(Object(UsersController), Object(CakeRequest), Object(CakeResponse))
#10 /mnt/data/Project/webapps/tele-equity/app/webroot/index.php(92): Dispatcher->dispatch(Object(CakeRequest), Object(CakeResponse))
#11 {main}
2012-11-14 17:48:38 Error: [MissingActionException] Action CustomersController::view() could not be found.
#0 /mnt/data/Project/webapps/tele-equity/lib/Cake/Routing/Dispatcher.php(186): Controller->invokeAction(Object(CakeRequest))
#1 /mnt/data/Project/webapps/tele-equity/lib/Cake/Routing/Dispatcher.php(161): Dispatcher->_invoke(Object(CustomersController), Object(CakeRequest), Object(CakeResponse))
#2 /mnt/data/Project/webapps/tele-equity/lib/Cake/Core/Object.php(97): Dispatcher->dispatch(Object(CakeRequest), Object(CakeResponse), Array)
#3 /mnt/data/Project/webapps/tele-equity/lib/Cake/Controller/Component/RequestHandlerComponent.php(244): Object->requestAction('/customers/view', Array)
#4 [internal function]: RequestHandlerComponent->beforeRedirect(Object(UsersController), Array, NULL, true)
#5 /mnt/data/Project/webapps/tele-equity/lib/Cake/Utility/ObjectCollection.php(130): call_user_func_array(Array, Array)
#6 [internal function]: ObjectCollection->trigger(Object(CakeEvent))
#7 /mnt/data/Project/webapps/tele-equity/lib/Cake/Event/CakeEventManager.php(246): call_user_func(Array, Object(CakeEvent))
#8 /mnt/data/Project/webapps/tele-equity/lib/Cake/Controller/Controller.php(760): CakeEventManager->dispatch(Object(CakeEvent))
#9 /mnt/data/Project/webapps/tele-equity/app/Controller/UsersController.php(50): Controller->redirect(Array)
#10 [internal function]: UsersController->doLogin()
#11 /mnt/data/Project/webapps/tele-equity/lib/Cake/Controller/Controller.php(485): ReflectionMethod->invokeArgs(Object(UsersController), Array)
#12 /mnt/data/Project/webapps/tele-equity/lib/Cake/Routing/Dispatcher.php(186): Controller->invokeAction(Object(CakeRequest))
#13 /mnt/data/Project/webapps/tele-equity/lib/Cake/Routing/Dispatcher.php(161): Dispatcher->_invoke(Object(UsersController), Object(CakeRequest), Object(CakeResponse))
#14 /mnt/data/Project/webapps/tele-equity/app/webroot/index.php(92): Dispatcher->dispatch(Object(CakeRequest), Object(CakeResponse))
#15 {main}
2012-11-14 17:52:29 Error: [MissingActionException] Action CustomersController::view() could not be found.
#0 /mnt/data/Project/webapps/tele-equity/lib/Cake/Routing/Dispatcher.php(186): Controller->invokeAction(Object(CakeRequest))
#1 /mnt/data/Project/webapps/tele-equity/lib/Cake/Routing/Dispatcher.php(161): Dispatcher->_invoke(Object(CustomersController), Object(CakeRequest), Object(CakeResponse))
#2 /mnt/data/Project/webapps/tele-equity/lib/Cake/Core/Object.php(97): Dispatcher->dispatch(Object(CakeRequest), Object(CakeResponse), Array)
#3 /mnt/data/Project/webapps/tele-equity/lib/Cake/Controller/Component/RequestHandlerComponent.php(244): Object->requestAction('/customers/view', Array)
#4 [internal function]: RequestHandlerComponent->beforeRedirect(Object(UsersController), Array, NULL, true)
#5 /mnt/data/Project/webapps/tele-equity/lib/Cake/Utility/ObjectCollection.php(130): call_user_func_array(Array, Array)
#6 [internal function]: ObjectCollection->trigger(Object(CakeEvent))
#7 /mnt/data/Project/webapps/tele-equity/lib/Cake/Event/CakeEventManager.php(246): call_user_func(Array, Object(CakeEvent))
#8 /mnt/data/Project/webapps/tele-equity/lib/Cake/Controller/Controller.php(760): CakeEventManager->dispatch(Object(CakeEvent))
#9 /mnt/data/Project/webapps/tele-equity/app/Controller/UsersController.php(50): Controller->redirect(Array)
#10 [internal function]: UsersController->doLogin()
#11 /mnt/data/Project/webapps/tele-equity/lib/Cake/Controller/Controller.php(485): ReflectionMethod->invokeArgs(Object(UsersController), Array)
#12 /mnt/data/Project/webapps/tele-equity/lib/Cake/Routing/Dispatcher.php(186): Controller->invokeAction(Object(CakeRequest))
#13 /mnt/data/Project/webapps/tele-equity/lib/Cake/Routing/Dispatcher.php(161): Dispatcher->_invoke(Object(UsersController), Object(CakeRequest), Object(CakeResponse))
#14 /mnt/data/Project/webapps/tele-equity/app/webroot/index.php(92): Dispatcher->dispatch(Object(CakeRequest), Object(CakeResponse))
#15 {main}
2012-11-14 17:52:55 Error: [MissingViewException] View file "/mnt/data/Project/webapps/tele-equity/app/View/Customers/view.ctp" is missing.
#0 /mnt/data/Project/webapps/tele-equity/lib/Cake/View/View.php(473): View->_getViewFileName(NULL)
#1 /mnt/data/Project/webapps/tele-equity/lib/Cake/Controller/Controller.php(956): View->render(NULL, NULL)
#2 /mnt/data/Project/webapps/tele-equity/lib/Cake/Routing/Dispatcher.php(193): Controller->render()
#3 /mnt/data/Project/webapps/tele-equity/lib/Cake/Routing/Dispatcher.php(161): Dispatcher->_invoke(Object(CustomersController), Object(CakeRequest), Object(CakeResponse))
#4 /mnt/data/Project/webapps/tele-equity/lib/Cake/Core/Object.php(97): Dispatcher->dispatch(Object(CakeRequest), Object(CakeResponse), Array)
#5 /mnt/data/Project/webapps/tele-equity/lib/Cake/Controller/Component/RequestHandlerComponent.php(244): Object->requestAction('/customers/view', Array)
#6 [internal function]: RequestHandlerComponent->beforeRedirect(Object(UsersController), Array, NULL, true)
#7 /mnt/data/Project/webapps/tele-equity/lib/Cake/Utility/ObjectCollection.php(130): call_user_func_array(Array, Array)
#8 [internal function]: ObjectCollection->trigger(Object(CakeEvent))
#9 /mnt/data/Project/webapps/tele-equity/lib/Cake/Event/CakeEventManager.php(246): call_user_func(Array, Object(CakeEvent))
#10 /mnt/data/Project/webapps/tele-equity/lib/Cake/Controller/Controller.php(760): CakeEventManager->dispatch(Object(CakeEvent))
#11 /mnt/data/Project/webapps/tele-equity/app/Controller/UsersController.php(50): Controller->redirect(Array)
#12 [internal function]: UsersController->doLogin()
#13 /mnt/data/Project/webapps/tele-equity/lib/Cake/Controller/Controller.php(485): ReflectionMethod->invokeArgs(Object(UsersController), Array)
#14 /mnt/data/Project/webapps/tele-equity/lib/Cake/Routing/Dispatcher.php(186): Controller->invokeAction(Object(CakeRequest))
#15 /mnt/data/Project/webapps/tele-equity/lib/Cake/Routing/Dispatcher.php(161): Dispatcher->_invoke(Object(UsersController), Object(CakeRequest), Object(CakeResponse))
#16 /mnt/data/Project/webapps/tele-equity/app/webroot/index.php(92): Dispatcher->dispatch(Object(CakeRequest), Object(CakeResponse))
#17 {main}
2012-11-14 17:53:04 Error: [MissingViewException] View file "/mnt/data/Project/webapps/tele-equity/app/View/Customers/view.ctp" is missing.
#0 /mnt/data/Project/webapps/tele-equity/lib/Cake/View/View.php(473): View->_getViewFileName(NULL)
#1 /mnt/data/Project/webapps/tele-equity/lib/Cake/Controller/Controller.php(956): View->render(NULL, NULL)
#2 /mnt/data/Project/webapps/tele-equity/lib/Cake/Routing/Dispatcher.php(193): Controller->render()
#3 /mnt/data/Project/webapps/tele-equity/lib/Cake/Routing/Dispatcher.php(161): Dispatcher->_invoke(Object(CustomersController), Object(CakeRequest), Object(CakeResponse))
#4 /mnt/data/Project/webapps/tele-equity/lib/Cake/Core/Object.php(97): Dispatcher->dispatch(Object(CakeRequest), Object(CakeResponse), Array)
#5 /mnt/data/Project/webapps/tele-equity/lib/Cake/Controller/Component/RequestHandlerComponent.php(244): Object->requestAction('/customers/view', Array)
#6 [internal function]: RequestHandlerComponent->beforeRedirect(Object(UsersController), Array, NULL, true)
#7 /mnt/data/Project/webapps/tele-equity/lib/Cake/Utility/ObjectCollection.php(130): call_user_func_array(Array, Array)
#8 [internal function]: ObjectCollection->trigger(Object(CakeEvent))
#9 /mnt/data/Project/webapps/tele-equity/lib/Cake/Event/CakeEventManager.php(246): call_user_func(Array, Object(CakeEvent))
#10 /mnt/data/Project/webapps/tele-equity/lib/Cake/Controller/Controller.php(760): CakeEventManager->dispatch(Object(CakeEvent))
#11 /mnt/data/Project/webapps/tele-equity/app/Controller/UsersController.php(50): Controller->redirect(Array)
#12 [internal function]: UsersController->doLogin()
#13 /mnt/data/Project/webapps/tele-equity/lib/Cake/Controller/Controller.php(485): ReflectionMethod->invokeArgs(Object(UsersController), Array)
#14 /mnt/data/Project/webapps/tele-equity/lib/Cake/Routing/Dispatcher.php(186): Controller->invokeAction(Object(CakeRequest))
#15 /mnt/data/Project/webapps/tele-equity/lib/Cake/Routing/Dispatcher.php(161): Dispatcher->_invoke(Object(UsersController), Object(CakeRequest), Object(CakeResponse))
#16 /mnt/data/Project/webapps/tele-equity/app/webroot/index.php(92): Dispatcher->dispatch(Object(CakeRequest), Object(CakeResponse))
#17 {main}
2012-11-14 17:58:00 Error: [MissingActionException] Action UsersController::customers() could not be found.
#0 /mnt/data/Project/webapps/tele-equity/lib/Cake/Routing/Dispatcher.php(186): Controller->invokeAction(Object(CakeRequest))
#1 /mnt/data/Project/webapps/tele-equity/lib/Cake/Routing/Dispatcher.php(161): Dispatcher->_invoke(Object(UsersController), Object(CakeRequest), Object(CakeResponse))
#2 /mnt/data/Project/webapps/tele-equity/app/webroot/index.php(92): Dispatcher->dispatch(Object(CakeRequest), Object(CakeResponse))
#3 {main}
2012-11-14 17:58:32 Error: [MissingActionException] Action UsersController::customers() could not be found.
#0 /mnt/data/Project/webapps/tele-equity/lib/Cake/Routing/Dispatcher.php(186): Controller->invokeAction(Object(CakeRequest))
#1 /mnt/data/Project/webapps/tele-equity/lib/Cake/Routing/Dispatcher.php(161): Dispatcher->_invoke(Object(UsersController), Object(CakeRequest), Object(CakeResponse))
#2 /mnt/data/Project/webapps/tele-equity/app/webroot/index.php(92): Dispatcher->dispatch(Object(CakeRequest), Object(CakeResponse))
#3 {main}
2012-11-15 01:44:14 Error: [MissingConnectionException] Database connection "Mysql" is missing, or could not be created.
#0 /mnt/data/root/My Work/webapps/tele-equity/lib/Cake/Model/Datasource/DboSource.php(261): Mysql->connect()
#1 /mnt/data/root/My Work/webapps/tele-equity/lib/Cake/Model/ConnectionManager.php(101): DboSource->__construct(Array)
#2 /mnt/data/root/My Work/webapps/tele-equity/lib/Cake/Model/Model.php(3157): ConnectionManager::getDataSource('default')
#3 /mnt/data/root/My Work/webapps/tele-equity/lib/Cake/Model/Model.php(1092): Model->setDataSource('default')
#4 /mnt/data/root/My Work/webapps/tele-equity/lib/Cake/Model/Model.php(3179): Model->setSource('users')
#5 /mnt/data/root/My Work/webapps/tele-equity/lib/Cake/Model/Model.php(1301): Model->getDataSource()
#6 /mnt/data/root/My Work/webapps/tele-equity/lib/Cake/View/Helper/FormHelper.php(197): Model->schema()
#7 /mnt/data/root/My Work/webapps/tele-equity/lib/Cake/View/Helper/FormHelper.php(438): FormHelper->_introspectModel('User', 'fields')
#8 /mnt/data/root/My Work/webapps/tele-equity/app/View/Users/login.ctp(15): FormHelper->create(Array)
#9 /mnt/data/root/My Work/webapps/tele-equity/lib/Cake/View/View.php(921): include('/mnt/data/root/...')
#10 /mnt/data/root/My Work/webapps/tele-equity/lib/Cake/View/View.php(884): View->_evaluate('/mnt/data/root/...', Array)
#11 /mnt/data/root/My Work/webapps/tele-equity/lib/Cake/View/View.php(476): View->_render('/mnt/data/root/...')
#12 /mnt/data/root/My Work/webapps/tele-equity/lib/Cake/Controller/Controller.php(956): View->render(NULL, NULL)
#13 /mnt/data/root/My Work/webapps/tele-equity/lib/Cake/Routing/Dispatcher.php(193): Controller->render()
#14 /mnt/data/root/My Work/webapps/tele-equity/lib/Cake/Routing/Dispatcher.php(161): Dispatcher->_invoke(Object(UsersController), Object(CakeRequest), Object(CakeResponse))
#15 /mnt/data/root/My Work/webapps/tele-equity/app/webroot/index.php(92): Dispatcher->dispatch(Object(CakeRequest), Object(CakeResponse))
#16 {main}
2012-11-15 01:49:45 Error: [MissingTableException] Table users for model User was not found in datasource default.
#0 /mnt/data/root/My Work/webapps/tele-equity/lib/Cake/Model/Model.php(3179): Model->setSource('users')
#1 /mnt/data/root/My Work/webapps/tele-equity/lib/Cake/Model/Model.php(1301): Model->getDataSource()
#2 /mnt/data/root/My Work/webapps/tele-equity/lib/Cake/View/Helper/FormHelper.php(197): Model->schema()
#3 /mnt/data/root/My Work/webapps/tele-equity/lib/Cake/View/Helper/FormHelper.php(438): FormHelper->_introspectModel('User', 'fields')
#4 /mnt/data/root/My Work/webapps/tele-equity/app/View/Users/login.ctp(15): FormHelper->create(Array)
#5 /mnt/data/root/My Work/webapps/tele-equity/lib/Cake/View/View.php(921): include('/mnt/data/root/...')
#6 /mnt/data/root/My Work/webapps/tele-equity/lib/Cake/View/View.php(884): View->_evaluate('/mnt/data/root/...', Array)
#7 /mnt/data/root/My Work/webapps/tele-equity/lib/Cake/View/View.php(476): View->_render('/mnt/data/root/...')
#8 /mnt/data/root/My Work/webapps/tele-equity/lib/Cake/Controller/Controller.php(956): View->render(NULL, NULL)
#9 /mnt/data/root/My Work/webapps/tele-equity/lib/Cake/Routing/Dispatcher.php(193): Controller->render()
#10 /mnt/data/root/My Work/webapps/tele-equity/lib/Cake/Routing/Dispatcher.php(161): Dispatcher->_invoke(Object(UsersController), Object(CakeRequest), Object(CakeResponse))
#11 /mnt/data/root/My Work/webapps/tele-equity/app/webroot/index.php(92): Dispatcher->dispatch(Object(CakeRequest), Object(CakeResponse))
#12 {main}
2012-11-16 00:38:33 Error: Fatal Error (4): syntax error, unexpected ';' in [D:\root\My Work\webapps\tele-equity\app\View\Users\login.ctp, line 7]
2012-11-16 00:38:33 Error: [FatalErrorException] syntax error, unexpected ';'
#0 D:\root\My Work\webapps\tele-equity\lib\Cake\Error\ErrorHandler.php(161): ErrorHandler::handleFatalError(4, 'syntax error, u...', 'D:\root\My Work...', 7)
#1 [internal function]: ErrorHandler::handleError(4, 'syntax error, u...', 'D:\root\My Work...', 7, Array)
#2 D:\root\My Work\webapps\tele-equity\lib\Cake\Core\App.php(926): call_user_func('ErrorHandler::h...', 4, 'syntax error, u...', 'D:\root\My Work...', 7, Array)
#3 D:\root\My Work\webapps\tele-equity\lib\Cake\Core\App.php(899): App::_checkFatalError()
#4 [internal function]: App::shutdown()
#5 {main}
2012-11-16 00:38:41 Error: Fatal Error (4): syntax error, unexpected ';' in [D:\root\My Work\webapps\tele-equity\app\View\Users\login.ctp, line 7]
2012-11-16 00:38:41 Error: [FatalErrorException] syntax error, unexpected ';'
#0 D:\root\My Work\webapps\tele-equity\lib\Cake\Error\ErrorHandler.php(161): ErrorHandler::handleFatalError(4, 'syntax error, u...', 'D:\root\My Work...', 7)
#1 [internal function]: ErrorHandler::handleError(4, 'syntax error, u...', 'D:\root\My Work...', 7, Array)
#2 D:\root\My Work\webapps\tele-equity\lib\Cake\Core\App.php(926): call_user_func('ErrorHandler::h...', 4, 'syntax error, u...', 'D:\root\My Work...', 7, Array)
#3 D:\root\My Work\webapps\tele-equity\lib\Cake\Core\App.php(899): App::_checkFatalError()
#4 [internal function]: App::shutdown()
#5 {main}
2012-11-16 00:58:13 Error: Fatal Error (4): syntax error, unexpected ')', expecting ',' or ';' in [D:\root\My Work\webapps\tele-equity\app\View\Users\login.ctp, line 1]
2012-11-16 00:58:13 Error: [FatalErrorException] syntax error, unexpected ')', expecting ',' or ';'
#0 D:\root\My Work\webapps\tele-equity\lib\Cake\Error\ErrorHandler.php(161): ErrorHandler::handleFatalError(4, 'syntax error, u...', 'D:\root\My Work...', 1)
#1 [internal function]: ErrorHandler::handleError(4, 'syntax error, u...', 'D:\root\My Work...', 1, Array)
#2 D:\root\My Work\webapps\tele-equity\lib\Cake\Core\App.php(926): call_user_func('ErrorHandler::h...', 4, 'syntax error, u...', 'D:\root\My Work...', 1, Array)
#3 D:\root\My Work\webapps\tele-equity\lib\Cake\Core\App.php(899): App::_checkFatalError()
#4 [internal function]: App::shutdown()
#5 {main}
2012-11-16 10:08:25 Error: [MethodNotAllowedException] Method Not Allowed
#0 [internal function]: UsersController->doLogin()
#1 /mnt/data/Project/webapps/tele-equity/lib/Cake/Controller/Controller.php(485): ReflectionMethod->invokeArgs(Object(UsersController), Array)
#2 /mnt/data/Project/webapps/tele-equity/lib/Cake/Routing/Dispatcher.php(186): Controller->invokeAction(Object(CakeRequest))
#3 /mnt/data/Project/webapps/tele-equity/lib/Cake/Routing/Dispatcher.php(161): Dispatcher->_invoke(Object(UsersController), Object(CakeRequest), Object(CakeResponse))
#4 /mnt/data/Project/webapps/tele-equity/app/webroot/index.php(92): Dispatcher->dispatch(Object(CakeRequest), Object(CakeResponse))
#5 {main}
2012-11-16 10:08:30 Error: [MethodNotAllowedException] Method Not Allowed
#0 [internal function]: UsersController->doLogin()
#1 /mnt/data/Project/webapps/tele-equity/lib/Cake/Controller/Controller.php(485): ReflectionMethod->invokeArgs(Object(UsersController), Array)
#2 /mnt/data/Project/webapps/tele-equity/lib/Cake/Routing/Dispatcher.php(186): Controller->invokeAction(Object(CakeRequest))
#3 /mnt/data/Project/webapps/tele-equity/lib/Cake/Routing/Dispatcher.php(161): Dispatcher->_invoke(Object(UsersController), Object(CakeRequest), Object(CakeResponse))
#4 /mnt/data/Project/webapps/tele-equity/app/webroot/index.php(92): Dispatcher->dispatch(Object(CakeRequest), Object(CakeResponse))
#5 {main}
2012-11-16 10:08:51 Error: [MissingViewException] View file "/mnt/data/Project/webapps/tele-equity/app/View/Users/dologin.ctp" is missing.
#0 /mnt/data/Project/webapps/tele-equity/lib/Cake/View/View.php(473): View->_getViewFileName(NULL)
#1 /mnt/data/Project/webapps/tele-equity/lib/Cake/Controller/Controller.php(956): View->render(NULL, NULL)
#2 /mnt/data/Project/webapps/tele-equity/lib/Cake/Routing/Dispatcher.php(193): Controller->render()
#3 /mnt/data/Project/webapps/tele-equity/lib/Cake/Routing/Dispatcher.php(161): Dispatcher->_invoke(Object(UsersController), Object(CakeRequest), Object(CakeResponse))
#4 /mnt/data/Project/webapps/tele-equity/app/webroot/index.php(92): Dispatcher->dispatch(Object(CakeRequest), Object(CakeResponse))
#5 {main}
2012-11-16 10:23:29 Error: [MethodNotAllowedException] Method Not Allowed
#0 [internal function]: UsersController->doLogin()
#1 /mnt/data/Project/webapps/tele-equity/lib/Cake/Controller/Controller.php(485): ReflectionMethod->invokeArgs(Object(UsersController), Array)
#2 /mnt/data/Project/webapps/tele-equity/lib/Cake/Routing/Dispatcher.php(186): Controller->invokeAction(Object(CakeRequest))
#3 /mnt/data/Project/webapps/tele-equity/lib/Cake/Routing/Dispatcher.php(161): Dispatcher->_invoke(Object(UsersController), Object(CakeRequest), Object(CakeResponse))
#4 /mnt/data/Project/webapps/tele-equity/app/webroot/index.php(92): Dispatcher->dispatch(Object(CakeRequest), Object(CakeResponse))
#5 {main}
2012-11-16 10:23:37 Error: [PDOException] SQLSTATE[42S22]: Column not found: 1054 Unknown column 'Users.username' in 'where clause'
#0 /mnt/data/Project/webapps/tele-equity/lib/Cake/Model/Datasource/DboSource.php(459): PDOStatement->execute(Array)
#1 /mnt/data/Project/webapps/tele-equity/lib/Cake/Model/Datasource/DboSource.php(425): DboSource->_execute('SELECT `User`.`...', Array)
#2 /mnt/data/Project/webapps/tele-equity/lib/Cake/Model/Datasource/DboSource.php(669): DboSource->execute('SELECT `User`.`...', Array, Array)
#3 /mnt/data/Project/webapps/tele-equity/lib/Cake/Model/Datasource/DboSource.php(1080): DboSource->fetchAll('SELECT `User`.`...', false)
#4 /mnt/data/Project/webapps/tele-equity/lib/Cake/Model/Model.php(2630): DboSource->read(Object(User), Array)
#5 /mnt/data/Project/webapps/tele-equity/app/Controller/UsersController.php(41): Model->find('first', Array)
#6 [internal function]: UsersController->doLogin()
#7 /mnt/data/Project/webapps/tele-equity/lib/Cake/Controller/Controller.php(485): ReflectionMethod->invokeArgs(Object(UsersController), Array)
#8 /mnt/data/Project/webapps/tele-equity/lib/Cake/Routing/Dispatcher.php(186): Controller->invokeAction(Object(CakeRequest))
#9 /mnt/data/Project/webapps/tele-equity/lib/Cake/Routing/Dispatcher.php(161): Dispatcher->_invoke(Object(UsersController), Object(CakeRequest), Object(CakeResponse))
#10 /mnt/data/Project/webapps/tele-equity/app/webroot/index.php(92): Dispatcher->dispatch(Object(CakeRequest), Object(CakeResponse))
#11 {main}
2012-11-16 11:18:08 Error: [MissingActionException] Action CustomersController::index() could not be found.
#0 /mnt/data/Project/webapps/tele-equity/lib/Cake/Routing/Dispatcher.php(186): Controller->invokeAction(Object(CakeRequest))
#1 /mnt/data/Project/webapps/tele-equity/lib/Cake/Routing/Dispatcher.php(161): Dispatcher->_invoke(Object(CustomersController), Object(CakeRequest), Object(CakeResponse))
#2 /mnt/data/Project/webapps/tele-equity/app/webroot/index.php(92): Dispatcher->dispatch(Object(CakeRequest), Object(CakeResponse))
#3 {main}
2012-11-16 11:18:23 Error: [MissingActionException] Action CustomersController::index() could not be found.
#0 /mnt/data/Project/webapps/tele-equity/lib/Cake/Routing/Dispatcher.php(186): Controller->invokeAction(Object(CakeRequest))
#1 /mnt/data/Project/webapps/tele-equity/lib/Cake/Routing/Dispatcher.php(161): Dispatcher->_invoke(Object(CustomersController), Object(CakeRequest), Object(CakeResponse))
#2 /mnt/data/Project/webapps/tele-equity/app/webroot/index.php(92): Dispatcher->dispatch(Object(CakeRequest), Object(CakeResponse))
#3 {main}
2012-11-16 11:19:10 Error: [MissingControllerException] Controller class CusstomerController could not be found.
#0 /mnt/data/Project/webapps/tele-equity/app/webroot/index.php(92): Dispatcher->dispatch(Object(CakeRequest), Object(CakeResponse))
#1 {main}
2012-11-16 15:57:21 Error: [MissingViewException] View file "D:\Project\webapps\tele-equity\app\View\Users\logout.ctp" is missing.
#0 D:\Project\webapps\tele-equity\lib\Cake\View\View.php(473): View->_getViewFileName(NULL)
#1 D:\Project\webapps\tele-equity\lib\Cake\Controller\Controller.php(956): View->render(NULL, NULL)
#2 D:\Project\webapps\tele-equity\lib\Cake\Routing\Dispatcher.php(193): Controller->render()
#3 D:\Project\webapps\tele-equity\lib\Cake\Routing\Dispatcher.php(161): Dispatcher->_invoke(Object(UsersController), Object(CakeRequest), Object(CakeResponse))
#4 D:\Project\webapps\tele-equity\app\webroot\index.php(92): Dispatcher->dispatch(Object(CakeRequest), Object(CakeResponse))
#5 {main}
2012-11-16 16:06:33 Error: Fatal Error (1): Call to undefined function var_dum() in [D:\Project\webapps\tele-equity\app\Controller\CustomersController.php, line 11]
2012-11-16 16:06:33 Error: [FatalErrorException] Call to undefined function var_dum()
#0 D:\Project\webapps\tele-equity\lib\Cake\Error\ErrorHandler.php(161): ErrorHandler::handleFatalError(1, 'Call to undefin...', 'D:\Project\weba...', 11)
#1 [internal function]: ErrorHandler::handleError(1, 'Call to undefin...', 'D:\Project\weba...', 11, Array)
#2 D:\Project\webapps\tele-equity\lib\Cake\Core\App.php(926): call_user_func('ErrorHandler::h...', 1, 'Call to undefin...', 'D:\Project\weba...', 11, Array)
#3 D:\Project\webapps\tele-equity\lib\Cake\Core\App.php(899): App::_checkFatalError()
#4 [internal function]: App::shutdown()
#5 {main}
2012-11-16 16:23:58 Error: Fatal Error (1): Unsupported operand types in [D:\Project\webapps\tele-equity\lib\Cake\View\Helper\HtmlHelper.php, line 767]
2012-11-16 16:23:58 Error: [FatalErrorException] Unsupported operand types
#0 D:\Project\webapps\tele-equity\lib\Cake\Error\ErrorHandler.php(161): ErrorHandler::handleFatalError(1, 'Unsupported ope...', 'D:\Project\weba...', 767)
#1 [internal function]: ErrorHandler::handleError(1, 'Unsupported ope...', 'D:\Project\weba...', 767, Array)
#2 D:\Project\webapps\tele-equity\lib\Cake\Core\App.php(926): call_user_func('ErrorHandler::h...', 1, 'Unsupported ope...', 'D:\Project\weba...', 767, Array)
#3 D:\Project\webapps\tele-equity\lib\Cake\Core\App.php(899): App::_checkFatalError()
#4 [internal function]: App::shutdown()
#5 {main}
2012-11-16 16:57:56 Error: [MissingControllerException] Controller class UserController could not be found.
#0 D:\Project\webapps\tele-equity\app\webroot\index.php(92): Dispatcher->dispatch(Object(CakeRequest), Object(CakeResponse))
#1 {main}
2012-11-16 17:17:25 Error: [MissingControllerException] Controller class UserController could not be found.
#0 D:\Project\webapps\tele-equity\app\webroot\index.php(92): Dispatcher->dispatch(Object(CakeRequest), Object(CakeResponse))
#1 {main}
2012-11-16 17:27:12 Error: [MissingHelperException] Helper class AuthHelper could not be found.
#0 D:\Project\webapps\tele-equity\lib\Cake\View\HelperCollection.php(62): HelperCollection->load('Auth')
#1 D:\Project\webapps\tele-equity\lib\Cake\View\View.php(813): HelperCollection->__isset('Auth')
#2 D:\Project\webapps\tele-equity\app\View\Customers\view.ctp(15): View->__get('Auth')
#3 D:\Project\webapps\tele-equity\lib\Cake\View\View.php(921): include('D:\Project\weba...')
#4 D:\Project\webapps\tele-equity\lib\Cake\View\View.php(884): View->_evaluate('D:\Project\weba...', Array)
#5 D:\Project\webapps\tele-equity\lib\Cake\View\View.php(476): View->_render('D:\Project\weba...')
#6 D:\Project\webapps\tele-equity\lib\Cake\Controller\Controller.php(956): View->render(NULL, NULL)
#7 D:\Project\webapps\tele-equity\lib\Cake\Routing\Dispatcher.php(193): Controller->render()
#8 D:\Project\webapps\tele-equity\lib\Cake\Routing\Dispatcher.php(161): Dispatcher->_invoke(Object(CustomersController), Object(CakeRequest), Object(CakeResponse))
#9 D:\Project\webapps\tele-equity\app\webroot\index.php(92): Dispatcher->dispatch(Object(CakeRequest), Object(CakeResponse))
#10 {main}
2012-11-16 17:27:29 Error: Fatal Error (4): syntax error, unexpected '}' in [D:\Project\webapps\tele-equity\app\Controller\CustomersController.php, line 12]
2012-11-16 17:27:29 Error: [FatalErrorException] syntax error, unexpected '}'
#0 D:\Project\webapps\tele-equity\lib\Cake\Error\ErrorHandler.php(161): ErrorHandler::handleFatalError(4, 'syntax error, u...', 'D:\Project\weba...', 12)
#1 [internal function]: ErrorHandler::handleError(4, 'syntax error, u...', 'D:\Project\weba...', 12, Array)
#2 D:\Project\webapps\tele-equity\lib\Cake\Core\App.php(926): call_user_func('ErrorHandler::h...', 4, 'syntax error, u...', 'D:\Project\weba...', 12, Array)
#3 D:\Project\webapps\tele-equity\lib\Cake\Core\App.php(899): App::_checkFatalError()
#4 [internal function]: App::shutdown()
#5 {main}
2012-11-16 17:29:45 Error: [MissingControllerException] Controller class LogoutController could not be found.
#0 D:\Project\webapps\tele-equity\app\webroot\index.php(92): Dispatcher->dispatch(Object(CakeRequest), Object(CakeResponse))
#1 {main}
2012-11-17 14:37:10 Error: [MissingControllerException] Controller class JsController could not be found.
#0 /mnt/data/Project/webapps/tele-equity/app/webroot/index.php(92): Dispatcher->dispatch(Object(CakeRequest), Object(CakeResponse))
#1 {main}
2012-11-17 14:41:50 Error: Fatal Error (4): syntax error, unexpected '?>' in [/mnt/data/Project/webapps/tele-equity/app/View/Customers/view.ctp, line 3]
2012-11-17 14:41:50 Error: [FatalErrorException] syntax error, unexpected '?>'
#0 /mnt/data/Project/webapps/tele-equity/lib/Cake/Error/ErrorHandler.php(161): ErrorHandler::handleFatalError(4, 'syntax error, u...', '/mnt/data/Proje...', 3)
#1 [internal function]: ErrorHandler::handleError(4, 'syntax error, u...', '/mnt/data/Proje...', 3, Array)
#2 /mnt/data/Project/webapps/tele-equity/lib/Cake/Core/App.php(926): call_user_func('ErrorHandler::h...', 4, 'syntax error, u...', '/mnt/data/Proje...', 3, Array)
#3 /mnt/data/Project/webapps/tele-equity/lib/Cake/Core/App.php(899): App::_checkFatalError()
#4 [internal function]: App::shutdown()
#5 {main}
2012-11-17 14:43:09 Error: Fatal Error (1): Unsupported operand types in [/mnt/data/Project/webapps/tele-equity/lib/Cake/View/Helper/HtmlHelper.php, line 558]
2012-11-17 14:43:09 Error: [FatalErrorException] Unsupported operand types
#0 /mnt/data/Project/webapps/tele-equity/lib/Cake/Error/ErrorHandler.php(161): ErrorHandler::handleFatalError(1, 'Unsupported ope...', '/mnt/data/Proje...', 558)
#1 [internal function]: ErrorHandler::handleError(1, 'Unsupported ope...', '/mnt/data/Proje...', 558, Array)
#2 /mnt/data/Project/webapps/tele-equity/lib/Cake/Core/App.php(926): call_user_func('ErrorHandler::h...', 1, 'Unsupported ope...', '/mnt/data/Proje...', 558, Array)
#3 /mnt/data/Project/webapps/tele-equity/lib/Cake/Core/App.php(899): App::_checkFatalError()
#4 [internal function]: App::shutdown()
#5 {main}
2012-11-17 15:07:38 Error: [MissingControllerException] Controller class JsController could not be found.
#0 /mnt/data/Project/webapps/tele-equity/app/webroot/index.php(92): Dispatcher->dispatch(Object(CakeRequest), Object(CakeResponse))
#1 {main}
2012-11-17 15:34:09 Error: Fatal Error (4): syntax error, unexpected ';' in [/mnt/data/Project/webapps/tele-equity/app/View/Layouts/default.ctp, line 65]
2012-11-17 15:34:09 Error: [FatalErrorException] syntax error, unexpected ';'
#0 /mnt/data/Project/webapps/tele-equity/lib/Cake/Error/ErrorHandler.php(161): ErrorHandler::handleFatalError(4, 'syntax error, u...', '/mnt/data/Proje...', 65)
#1 [internal function]: ErrorHandler::handleError(4, 'syntax error, u...', '/mnt/data/Proje...', 65, Array)
#2 /mnt/data/Project/webapps/tele-equity/lib/Cake/Core/App.php(926): call_user_func('ErrorHandler::h...', 4, 'syntax error, u...', '/mnt/data/Proje...', 65, Array)
#3 /mnt/data/Project/webapps/tele-equity/lib/Cake/Core/App.php(899): App::_checkFatalError()
#4 [internal function]: App::shutdown()
#5 {main}
2012-11-17 15:50:17 Error: [MissingActionException] Action CustomersController::users() could not be found.
#0 /mnt/data/Project/webapps/tele-equity/lib/Cake/Routing/Dispatcher.php(186): Controller->invokeAction(Object(CakeRequest))
#1 /mnt/data/Project/webapps/tele-equity/lib/Cake/Routing/Dispatcher.php(161): Dispatcher->_invoke(Object(CustomersController), Object(CakeRequest), Object(CakeResponse))
#2 /mnt/data/Project/webapps/tele-equity/app/webroot/index.php(92): Dispatcher->dispatch(Object(CakeRequest), Object(CakeResponse))
#3 {main}
2012-11-17 15:53:53 Error: [MissingActionException] Action CustomersController::users() could not be found.
#0 /mnt/data/Project/webapps/tele-equity/lib/Cake/Routing/Dispatcher.php(186): Controller->invokeAction(Object(CakeRequest))
#1 /mnt/data/Project/webapps/tele-equity/lib/Cake/Routing/Dispatcher.php(161): Dispatcher->_invoke(Object(CustomersController), Object(CakeRequest), Object(CakeResponse))
#2 /mnt/data/Project/webapps/tele-equity/app/webroot/index.php(92): Dispatcher->dispatch(Object(CakeRequest), Object(CakeResponse))
#3 {main}
2012-11-17 16:05:19 Error: [MissingActionException] Action CustomersController::users() could not be found.
#0 /mnt/data/Project/webapps/tele-equity/lib/Cake/Routing/Dispatcher.php(186): Controller->invokeAction(Object(CakeRequest))
#1 /mnt/data/Project/webapps/tele-equity/lib/Cake/Routing/Dispatcher.php(161): Dispatcher->_invoke(Object(CustomersController), Object(CakeRequest), Object(CakeResponse))
#2 /mnt/data/Project/webapps/tele-equity/app/webroot/index.php(92): Dispatcher->dispatch(Object(CakeRequest), Object(CakeResponse))
#3 {main}
2012-11-17 16:06:39 Error: [MissingActionException] Action CustomersController::users() could not be found.
#0 /mnt/data/Project/webapps/tele-equity/lib/Cake/Routing/Dispatcher.php(186): Controller->invokeAction(Object(CakeRequest))
#1 /mnt/data/Project/webapps/tele-equity/lib/Cake/Routing/Dispatcher.php(161): Dispatcher->_invoke(Object(CustomersController), Object(CakeRequest), Object(CakeResponse))
#2 /mnt/data/Project/webapps/tele-equity/app/webroot/index.php(92): Dispatcher->dispatch(Object(CakeRequest), Object(CakeResponse))
#3 {main}
2012-11-17 16:07:01 Error: [MissingActionException] Action CustomersController::users() could not be found.
#0 /mnt/data/Project/webapps/tele-equity/lib/Cake/Routing/Dispatcher.php(186): Controller->invokeAction(Object(CakeRequest))
#1 /mnt/data/Project/webapps/tele-equity/lib/Cake/Routing/Dispatcher.php(161): Dispatcher->_invoke(Object(CustomersController), Object(CakeRequest), Object(CakeResponse))
#2 /mnt/data/Project/webapps/tele-equity/app/webroot/index.php(92): Dispatcher->dispatch(Object(CakeRequest), Object(CakeResponse))
#3 {main}
